<?xml version="1.0" encoding="UTF-8"?>
<!-- Generated by org.testng.reporters.JUnitXMLReporter -->
<testsuite ignored="0" hostname="LAPTOP-9FT84NNT" failures="0" tests="4" name="Test" time="0.367" errors="0" timestamp="2022-07-21T11:10:22 IST">
  <testcase classname="qaclickacademy.MavenJava.RestAPITest" name="deleteTwitter" time="0.039"/>
  <testcase classname="qaclickacademy.MavenJava.RestAPITest" name="postJira" time="0.018"/>
  <testcase classname="qaclickacademy.MavenJava.SeleniumTest" name="BrowserAutomation" time="0.016"/>
  <testcase classname="qaclickacademy.MavenJava.SeleniumTest" name="elementsUI" time="0.014"/>
</testsuite> <!-- Test -->
