<?xml version="1.0" encoding="UTF-8"?>
<testng-results ignored="4" total="12" passed="8" failed="0" skipped="0">
  <reporter-output>
  </reporter-output>
  <suite started-at="2022-07-29T17:17:18 IST" name="Suite" finished-at="2022-07-29T17:17:20 IST" duration-ms="1970">
    <groups>
      <group name="Smoke">
        <method signature="Lect1_part.Loan()[pri:0, instance:Testng_Framework.Lect1_part@18df8434]" name="Loan" class="Testng_Framework.Lect1_part"/>
        <method signature="Lect3.WebloginCarLoan()[pri:0, instance:Testng_Framework.Lect3@15043a2f]" name="WebloginCarLoan" class="Testng_Framework.Lect3"/>
      </group> <!-- Smoke -->
    </groups>
    <test started-at="2022-07-29T17:17:18 IST" name="Test" finished-at="2022-07-29T17:17:18 IST" duration-ms="514">
      <class name="Testng_Framework.Lexture1">
        <test-method is-config="true" signature="Test2(java.lang.String)[pri:0, instance:Testng_Framework.Lexture1@6221a451]" started-at="2022-07-29T17:17:18 IST" name="Test2" finished-at="2022-07-29T17:17:18 IST" duration-ms="14" status="PASS">
          <params>
            <param index="0">
              <value>
                <![CDATA[personalloan.com]]>
              </value>
            </param>
          </params>
          <reporter-output>
          </reporter-output>
        </test-method> <!-- Test2 -->
      </class> <!-- Testng_Framework.Lexture1 -->
      <class name="Testng_Framework.Lect1_part">
        <test-method is-config="true" signature="Loann()[pri:0, instance:Testng_Framework.Lect1_part@18df8434]" started-at="2022-07-29T17:17:18 IST" name="Loann" finished-at="2022-07-29T17:17:18 IST" duration-ms="0" status="PASS">
          <reporter-output>
          </reporter-output>
        </test-method> <!-- Loann -->
        <test-method signature="Loan()[pri:0, instance:Testng_Framework.Lect1_part@18df8434]" started-at="2022-07-29T17:17:18 IST" name="Loan" finished-at="2022-07-29T17:17:18 IST" duration-ms="52" status="PASS">
          <reporter-output>
          </reporter-output>
        </test-method> <!-- Loan -->
        <test-method is-config="true" signature="Last()[pri:0, instance:Testng_Framework.Lect1_part@18df8434]" started-at="2022-07-29T17:17:18 IST" name="Last" finished-at="2022-07-29T17:17:18 IST" duration-ms="1" status="PASS">
          <reporter-output>
          </reporter-output>
        </test-method> <!-- Last -->
      </class> <!-- Testng_Framework.Lect1_part -->
    </test> <!-- Test -->
    <test started-at="2022-07-29T17:17:19 IST" name="CarLoan" finished-at="2022-07-29T17:17:20 IST" duration-ms="382">
      <class name="Testng_Framework.Lect4">
        <test-method signature="LoginAPIHomeLoan()[pri:0, instance:Testng_Framework.Lect4@4a83a74a]" started-at="2022-07-29T17:17:20 IST" name="LoginAPIHomeLoan" finished-at="2022-07-29T17:17:20 IST" duration-ms="5" status="PASS">
          <reporter-output>
          </reporter-output>
        </test-method> <!-- LoginAPIHomeLoan -->
        <test-method signature="MobileloginHomeLoan(java.lang.String,java.lang.String)[pri:0, instance:Testng_Framework.Lect4@4a83a74a]" started-at="2022-07-29T17:17:20 IST" name="MobileloginHomeLoan" data-provider="getData" finished-at="2022-07-29T17:17:20 IST" duration-ms="5" status="PASS">
          <params>
            <param index="0">
              <value>
                <![CDATA[firstusername]]>
              </value>
            </param>
            <param index="1">
              <value>
                <![CDATA[sirstpassword]]>
              </value>
            </param>
          </params>
          <reporter-output>
          </reporter-output>
        </test-method> <!-- MobileloginHomeLoan -->
        <test-method signature="MobileloginHomeLoan(java.lang.String,java.lang.String)[pri:0, instance:Testng_Framework.Lect4@4a83a74a]" started-at="2022-07-29T17:17:20 IST" name="MobileloginHomeLoan" data-provider="getData" finished-at="2022-07-29T17:17:20 IST" duration-ms="16" status="PASS">
          <params>
            <param index="0">
              <value>
                <![CDATA[secondusername]]>
              </value>
            </param>
            <param index="1">
              <value>
                <![CDATA[secondpassword]]>
              </value>
            </param>
          </params>
          <reporter-output>
          </reporter-output>
        </test-method> <!-- MobileloginHomeLoan -->
        <test-method signature="MobileloginHomeLoan(java.lang.String,java.lang.String)[pri:0, instance:Testng_Framework.Lect4@4a83a74a]" started-at="2022-07-29T17:17:20 IST" name="MobileloginHomeLoan" data-provider="getData" finished-at="2022-07-29T17:17:20 IST" duration-ms="8" status="PASS">
          <params>
            <param index="0">
              <value>
                <![CDATA[thirdusername]]>
              </value>
            </param>
            <param index="1">
              <value>
                <![CDATA[thirdpassword]]>
              </value>
            </param>
          </params>
          <reporter-output>
          </reporter-output>
        </test-method> <!-- MobileloginHomeLoan -->
        <test-method signature="WebloginHomeLoan()[pri:0, instance:Testng_Framework.Lect4@4a83a74a]" started-at="2022-07-29T17:17:20 IST" name="WebloginHomeLoan" finished-at="2022-07-29T17:17:20 IST" duration-ms="6" status="PASS">
          <reporter-output>
          </reporter-output>
        </test-method> <!-- WebloginHomeLoan -->
      </class> <!-- Testng_Framework.Lect4 -->
      <class name="Testng_Framework.Lect3">
        <test-method is-config="true" signature="LoginFirstt()[pri:0, instance:Testng_Framework.Lect3@15043a2f]" started-at="2022-07-29T17:17:18 IST" name="LoginFirstt" finished-at="2022-07-29T17:17:18 IST" duration-ms="58" status="PASS">
          <reporter-output>
          </reporter-output>
        </test-method> <!-- LoginFirstt -->
        <test-method is-config="true" signature="LoginFirst()[pri:0, instance:Testng_Framework.Lect3@15043a2f]" started-at="2022-07-29T17:17:19 IST" name="LoginFirst" finished-at="2022-07-29T17:17:19 IST" duration-ms="1" status="PASS">
          <reporter-output>
          </reporter-output>
        </test-method> <!-- LoginFirst -->
        <test-method is-config="true" signature="LoginFirsttt()[pri:0, instance:Testng_Framework.Lect3@15043a2f]" started-at="2022-07-29T17:17:19 IST" name="LoginFirsttt" finished-at="2022-07-29T17:17:19 IST" duration-ms="1" status="PASS">
          <reporter-output>
          </reporter-output>
        </test-method> <!-- LoginFirsttt -->
        <test-method signature="LoginAPICarLoan()[pri:0, instance:Testng_Framework.Lect3@15043a2f]" started-at="2022-07-29T17:17:19 IST" name="LoginAPICarLoan" finished-at="2022-07-29T17:17:20 IST" duration-ms="113" status="PASS">
          <reporter-output>
          </reporter-output>
        </test-method> <!-- LoginAPICarLoan -->
        <test-method is-config="true" signature="LoginFirsttt()[pri:0, instance:Testng_Framework.Lect3@15043a2f]" started-at="2022-07-29T17:17:20 IST" name="LoginFirsttt" finished-at="2022-07-29T17:17:20 IST" duration-ms="1" status="PASS">
          <reporter-output>
          </reporter-output>
        </test-method> <!-- LoginFirsttt -->
        <test-method signature="WebloginCarLoan()[pri:0, instance:Testng_Framework.Lect3@15043a2f]" started-at="2022-07-29T17:17:20 IST" name="WebloginCarLoan" finished-at="2022-07-29T17:17:20 IST" duration-ms="11" status="PASS">
          <reporter-output>
          </reporter-output>
        </test-method> <!-- WebloginCarLoan -->
      </class> <!-- Testng_Framework.Lect3 -->
    </test> <!-- CarLoan -->
  </suite> <!-- Suite -->
</testng-results>
