<?xml version="1.0" encoding="UTF-8"?>
<!-- Generated by org.testng.reporters.JUnitXMLReporter -->
<testsuite ignored="3" hostname="LAPTOP-9FT84NNT" failures="0" tests="7" name="CarLoan" time="0.382" errors="0" timestamp="2022-07-29T17:17:20 IST">
  <testcase classname="Testng_Framework.Lect3" name="LoginAPICarLoan" time="0.113"/>
  <testcase classname="Testng_Framework.Lect3" name="WebloginCarLoan" time="0.011"/>
  <testcase classname="Testng_Framework.Lect4" name="LoginAPIHomeLoan" time="0.005"/>
  <testcase classname="Testng_Framework.Lect4" name="MobileloginHomeLoan" time="0.005"/>
  <testcase classname="Testng_Framework.Lect4" name="MobileloginHomeLoan" time="0.016"/>
  <testcase classname="Testng_Framework.Lect4" name="MobileloginHomeLoan" time="0.008"/>
  <testcase classname="Testng_Framework.Lect4" name="WebloginHomeLoan" time="0.006"/>
  <testcase classname="Testng_Framework.Lect3" name="MobileloginCarLoan" time="0.0">
    <ignored/>
  </testcase> <!-- MobileloginCarLoan -->
  <testcase classname="Testng_Framework.Lect3" name="MobileoginCarLoan" time="0.0">
    <ignored/>
  </testcase> <!-- MobileoginCarLoan -->
  <testcase classname="Testng_Framework.Lect3" name="MobilesloginCarLoan" time="0.0">
    <ignored/>
  </testcase> <!-- MobilesloginCarLoan -->
</testsuite> <!-- CarLoan -->
