<?xml version="1.0" encoding="UTF-8"?>
<!-- Generated by org.testng.reporters.JUnitXMLReporter -->
<testsuite ignored="8" hostname="LAPTOP-9FT84NNT" failures="0" tests="3" name="Regression" time="0.518" errors="0" timestamp="2022-07-19T11:57:36 IST">
  <testcase classname="Testng_Framework.Lect3" name="MobileloginCarLoan" time="0.046"/>
  <testcase classname="Testng_Framework.Lect3" name="WebloginCarLoan" time="0.019"/>
  <testcase classname="Testng_Framework.Lect1_part" name="Loan" time="0.007"/>
  <testcase classname="Testng_Framework.Lexture1" name="Test2" time="0.0">
    <ignored/>
  </testcase> <!-- Test2 -->
  <testcase classname="Testng_Framework.Lect3" name="MobileoginCarLoan" time="0.0">
    <ignored/>
  </testcase> <!-- MobileoginCarLoan -->
  <testcase classname="Testng_Framework.Lect3" name="MobilesloginCarLoan" time="0.0">
    <ignored/>
  </testcase> <!-- MobilesloginCarLoan -->
  <testcase classname="Testng_Framework.Lect4" name="WebloginHomeLoan" time="0.0">
    <ignored/>
  </testcase> <!-- WebloginHomeLoan -->
  <testcase classname="Testng_Framework.Lexture1" name="Test" time="0.0">
    <ignored/>
  </testcase> <!-- Test -->
  <testcase classname="Testng_Framework.Lect4" name="MobileloginHomeLoan" time="0.0">
    <ignored/>
  </testcase> <!-- MobileloginHomeLoan -->
  <testcase classname="Testng_Framework.Lect3" name="LoginAPICarLoan" time="0.0">
    <ignored/>
  </testcase> <!-- LoginAPICarLoan -->
  <testcase classname="Testng_Framework.Lect4" name="LoginAPIHomeLoan" time="0.0">
    <ignored/>
  </testcase> <!-- LoginAPIHomeLoan -->
</testsuite> <!-- Regression -->
