<?xml version="1.0" encoding="UTF-8"?>
<testng-results ignored="0" total="4" passed="4" failed="0" skipped="0">
  <reporter-output>
  </reporter-output>
  <suite started-at="2022-07-21T11:10:21 IST" name="Suite" finished-at="2022-07-21T11:10:22 IST" duration-ms="367">
    <groups>
    </groups>
    <test started-at="2022-07-21T11:10:21 IST" name="Test" finished-at="2022-07-21T11:10:22 IST" duration-ms="367">
      <class name="qaclickacademy.MavenJava.SeleniumTest">
        <test-method signature="BrowserAutomation()[pri:0, instance:qaclickacademy.MavenJava.SeleniumTest@383bfa16]" started-at="2022-07-21T11:10:22 IST" name="BrowserAutomation" finished-at="2022-07-21T11:10:22 IST" duration-ms="16" status="PASS">
          <reporter-output>
          </reporter-output>
        </test-method> <!-- BrowserAutomation -->
        <test-method signature="elementsUI()[pri:0, instance:qaclickacademy.MavenJava.SeleniumTest@383bfa16]" started-at="2022-07-21T11:10:22 IST" name="elementsUI" finished-at="2022-07-21T11:10:22 IST" duration-ms="14" status="PASS">
          <reporter-output>
          </reporter-output>
        </test-method> <!-- elementsUI -->
      </class> <!-- qaclickacademy.MavenJava.SeleniumTest -->
      <class name="qaclickacademy.MavenJava.RestAPITest">
        <test-method signature="deleteTwitter()[pri:0, instance:qaclickacademy.MavenJava.RestAPITest@73700b80]" started-at="2022-07-21T11:10:21 IST" name="deleteTwitter" finished-at="2022-07-21T11:10:21 IST" duration-ms="39" status="PASS">
          <reporter-output>
          </reporter-output>
        </test-method> <!-- deleteTwitter -->
        <test-method signature="postJira()[pri:0, instance:qaclickacademy.MavenJava.RestAPITest@73700b80]" started-at="2022-07-21T11:10:21 IST" name="postJira" finished-at="2022-07-21T11:10:21 IST" duration-ms="18" status="PASS">
          <reporter-output>
          </reporter-output>
        </test-method> <!-- postJira -->
      </class> <!-- qaclickacademy.MavenJava.RestAPITest -->
    </test> <!-- Test -->
  </suite> <!-- Suite -->
</testng-results>
