<?xml version="1.0" encoding="UTF-8"?>
<!-- Generated by org.testng.reporters.JUnitXMLReporter -->
<testsuite hostname="LAPTOP-9FT84NNT" name="Test" tests="4" failures="0" timestamp="21 Jul 2022 05:41:57 GMT" time="0.109" errors="0">
  <testcase name="deleteTwitter" time="0.038" classname="qaclickacademy.MavenJava.RestAPITest"/>
  <testcase name="postJira" time="0.0" classname="qaclickacademy.MavenJava.RestAPITest"/>
  <testcase name="BrowserAutomation" time="0.003" classname="qaclickacademy.MavenJava.SeleniumTest"/>
  <testcase name="elementsUI" time="0.003" classname="qaclickacademy.MavenJava.SeleniumTest"/>
</testsuite> <!-- Test -->
